<?xml version="1.0" encoding="UTF-8"?>
<!-- Generated by org.testng.reporters.JUnitXMLReporter -->
<testsuite ignored="2" hostname="ip-172-31-45-52" failures="0" tests="1" name="Default test" time="20.846" errors="0" timestamp="2024-12-17T11:13:54 UTC">
  <testcase classname="testcases.AddToCartTest" name="TC05_multipleAddedToCart" time="15.392"/>
  <testcase classname="testcases.AddToCartTest" name="TC04_AddToCart" time="0.0">
    <ignored/>
  </testcase> <!-- TC04_AddToCart -->
  <testcase classname="testcases.AddToCartTest" name="TC05_TwoItemsAddedToCart" time="0.0">
    <ignored/>
  </testcase> <!-- TC05_TwoItemsAddedToCart -->
</testsuite> <!-- Default test -->
