<?xml version="1.0" encoding="UTF-8"?>
<testng-results ignored="0" total="1" passed="1" failed="0" skipped="0">
  <reporter-output>
  </reporter-output>
  <suite started-at="2024-12-17T11:24:57 UTC" name="Default suite" finished-at="2024-12-17T11:25:13 UTC" duration-ms="15642">
    <groups>
    </groups>
    <test started-at="2024-12-17T11:24:57 UTC" name="Default test" finished-at="2024-12-17T11:25:13 UTC" duration-ms="15642">
      <class name="testcases.AddToCartTest">
        <test-method is-config="true" signature="SetUpDriver()[pri:0, instance:testcases.AddToCartTest@3646a422]" started-at="2024-12-17T11:24:57 UTC" name="SetUpDriver" finished-at="2024-12-17T11:25:03 UTC" duration-ms="5769" status="PASS">
          <reporter-output>
          </reporter-output>
        </test-method> <!-- SetUpDriver -->
        <test-method signature="TC04_AddToCart()[pri:0, instance:testcases.AddToCartTest@3646a422]" started-at="2024-12-17T11:25:03 UTC" name="TC04_AddToCart" finished-at="2024-12-17T11:25:13 UTC" duration-ms="9745" status="PASS">
          <reporter-output>
          </reporter-output>
        </test-method> <!-- TC04_AddToCart -->
        <test-method is-config="true" signature="TearDown()[pri:0, instance:testcases.AddToCartTest@3646a422]" started-at="2024-12-17T11:25:13 UTC" name="TearDown" finished-at="2024-12-17T11:25:13 UTC" duration-ms="0" status="PASS">
          <reporter-output>
          </reporter-output>
        </test-method> <!-- TearDown -->
      </class> <!-- testcases.AddToCartTest -->
    </test> <!-- Default test -->
  </suite> <!-- Default suite -->
</testng-results>
